
  \{^_^}/ hi!

  Loading db.json
  Done

  Resources
  http://localhost:3000/restaurants
  http://localhost:3000/menu
  http://localhost:3000/reviews
  http://localhost:3000/orders

  Home
  http://localhost:3000

  Type s + enter at any time to create a snapshot of the database
[0mGET /restaurants [36m304[0m 19.432 ms - -[0m
[0mGET /restaurants [36m304[0m 6.937 ms - -[0m
[0mGET /restaurants [36m304[0m 5.960 ms - -[0m
[0mGET /restaurants [36m304[0m 3.917 ms - -[0m
[0mGET /restaurants [36m304[0m 5.404 ms - -[0m
[0mGET /restaurants/bread-bakery [36m304[0m 8.218 ms - -[0m
[0mGET /restaurants/bread-bakery/menu [36m304[0m 27.570 ms - -[0m
[0mGET /restaurants [36m304[0m 4.362 ms - -[0m
[0mGET /restaurants/bread-bakery [36m304[0m 12.594 ms - -[0m
[0mGET /restaurants/bread-bakery/menu [36m304[0m 27.494 ms - -[0m
[0mGET /restaurants/bread-bakery [36m304[0m 5.433 ms - -[0m
[0mGET /restaurants/bread-bakery/menu [36m304[0m 8.651 ms - -[0m
[0mGET /restaurants/bread-bakery [36m304[0m 3.810 ms - -[0m
[0mGET /restaurants/bread-bakery/menu [36m304[0m 6.512 ms - -[0m
[0mGET /restaurants [36m304[0m 4.367 ms - -[0m
[0mGET /restaurants/bread-bakery/menu [36m304[0m 4.475 ms - -[0m
[0mGET /restaurants/bread-bakery [36m304[0m 5.706 ms - -[0m
[0mPOST /orders [32m201[0m 43.625 ms - 302[0m
[0mGET /orders [32m200[0m 4.063 ms - -[0m
[0mGET /restaurants [36m304[0m 10.416 ms - -[0m
[0mGET /restaurants/bread-bakery [36m304[0m 10.374 ms - -[0m
[0mGET /restaurants/bread-bakery/menu [36m304[0m 29.336 ms - -[0m
