** NG Live Development Server is listening on localhost:4200, open your browser on http://localhost:4200 **
webpack: wait until bundle finished: /restaurants
Hash: [1m0908825bae36bf2545d5[39m[22m
Time: [1m25535[39m[22mms
chunk    {[1m[33m0[39m[22m} [1m[32mpolyfills.bundle.js, polyfills.bundle.js.map[39m[22m (polyfills) 438 kB {[1m[33m5[39m[22m}[1m[33m [initial][39m[22m[1m[32m [rendered][39m[22m
chunk    {[1m[33m1[39m[22m} [1m[32mmain.bundle.js, main.bundle.js.map[39m[22m (main) 72.6 kB {[1m[33m4[39m[22m}[1m[33m [initial][39m[22m[1m[32m [rendered][39m[22m
chunk    {[1m[33m2[39m[22m} [1m[32mstyles.bundle.js, styles.bundle.js.map[39m[22m (styles) 266 kB {[1m[33m5[39m[22m}[1m[33m [initial][39m[22m[1m[32m [rendered][39m[22m
chunk    {[1m[33m3[39m[22m} [1m[32mscripts.bundle.js, scripts.bundle.js.map[39m[22m (scripts) 139 kB {[1m[33m5[39m[22m}[1m[33m [initial][39m[22m[1m[32m [rendered][39m[22m
chunk    {[1m[33m4[39m[22m} [1m[32mvendor.bundle.js, vendor.bundle.js.map[39m[22m (vendor) 3.08 MB[1m[33m [initial][39m[22m[1m[32m [rendered][39m[22m
chunk    {[1m[33m5[39m[22m} [1m[32minline.bundle.js, inline.bundle.js.map[39m[22m (inline) 0 bytes[1m[33m [entry][39m[22m[1m[32m [rendered][39m[22m
webpack: Compiled successfully.
webpack: Compiling...
Hash: [1m5231ca762356160b4c25[39m[22m
Time: [1m980[39m[22mms
chunk    {[1m[33m0[39m[22m} [1m[32mpolyfills.bundle.js, polyfills.bundle.js.map[39m[22m (polyfills) 438 kB {[1m[33m5[39m[22m}[1m[33m [initial][39m[22m
chunk    {[1m[33m1[39m[22m} [1m[32mmain.bundle.js, main.bundle.js.map[39m[22m (main) 72.6 kB {[1m[33m4[39m[22m}[1m[33m [initial][39m[22m[1m[32m [rendered][39m[22m
chunk    {[1m[33m2[39m[22m} [1m[32mstyles.bundle.js, styles.bundle.js.map[39m[22m (styles) 266 kB {[1m[33m5[39m[22m}[1m[33m [initial][39m[22m
chunk    {[1m[33m3[39m[22m} [1m[32mscripts.bundle.js, scripts.bundle.js.map[39m[22m (scripts) 139 kB {[1m[33m5[39m[22m}[1m[33m [initial][39m[22m
chunk    {[1m[33m4[39m[22m} [1m[32mvendor.bundle.js, vendor.bundle.js.map[39m[22m (vendor) 3.08 MB[1m[33m [initial][39m[22m
chunk    {[1m[33m5[39m[22m} [1m[32minline.bundle.js, inline.bundle.js.map[39m[22m (inline) 0 bytes[1m[33m [entry][39m[22m
webpack: Compiled successfully.
webpack: Compiling...
Hash: [1mbe3bb27d86ea201e4e96[39m[22m
Time: [1m899[39m[22mms
chunk    {[1m[33m0[39m[22m} [1m[32mpolyfills.bundle.js, polyfills.bundle.js.map[39m[22m (polyfills) 438 kB {[1m[33m5[39m[22m}[1m[33m [initial][39m[22m
chunk    {[1m[33m1[39m[22m} [1m[32mmain.bundle.js, main.bundle.js.map[39m[22m (main) 72.6 kB {[1m[33m4[39m[22m}[1m[33m [initial][39m[22m[1m[32m [rendered][39m[22m
chunk    {[1m[33m2[39m[22m} [1m[32mstyles.bundle.js, styles.bundle.js.map[39m[22m (styles) 266 kB {[1m[33m5[39m[22m}[1m[33m [initial][39m[22m
chunk    {[1m[33m3[39m[22m} [1m[32mscripts.bundle.js, scripts.bundle.js.map[39m[22m (scripts) 139 kB {[1m[33m5[39m[22m}[1m[33m [initial][39m[22m
chunk    {[1m[33m4[39m[22m} [1m[32mvendor.bundle.js, vendor.bundle.js.map[39m[22m (vendor) 3.08 MB[1m[33m [initial][39m[22m
chunk    {[1m[33m5[39m[22m} [1m[32minline.bundle.js, inline.bundle.js.map[39m[22m (inline) 0 bytes[1m[33m [entry][39m[22m
webpack: Compiled successfully.
webpack: Compiling...
Hash: [1m315f16f1db561fec81d5[39m[22m
Time: [1m1064[39m[22mms
chunk    {[1m[33m0[39m[22m} [1m[32mpolyfills.bundle.js, polyfills.bundle.js.map[39m[22m (polyfills) 438 kB {[1m[33m5[39m[22m}[1m[33m [initial][39m[22m
chunk    {[1m[33m1[39m[22m} [1m[32mmain.bundle.js, main.bundle.js.map[39m[22m (main) 72.6 kB {[1m[33m4[39m[22m}[1m[33m [initial][39m[22m[1m[32m [rendered][39m[22m
chunk    {[1m[33m2[39m[22m} [1m[32mstyles.bundle.js, styles.bundle.js.map[39m[22m (styles) 266 kB {[1m[33m5[39m[22m}[1m[33m [initial][39m[22m
chunk    {[1m[33m3[39m[22m} [1m[32mscripts.bundle.js, scripts.bundle.js.map[39m[22m (scripts) 139 kB {[1m[33m5[39m[22m}[1m[33m [initial][39m[22m
chunk    {[1m[33m4[39m[22m} [1m[32mvendor.bundle.js, vendor.bundle.js.map[39m[22m (vendor) 3.08 MB[1m[33m [initial][39m[22m
chunk    {[1m[33m5[39m[22m} [1m[32minline.bundle.js, inline.bundle.js.map[39m[22m (inline) 0 bytes[1m[33m [entry][39m[22m
webpack: Compiled successfully.
webpack: Compiling...
Hash: [1mf4118f59ad0ffde58c93[39m[22m
Time: [1m781[39m[22mms
chunk    {[1m[33m0[39m[22m} [1m[32mpolyfills.bundle.js, polyfills.bundle.js.map[39m[22m (polyfills) 438 kB {[1m[33m5[39m[22m}[1m[33m [initial][39m[22m
chunk    {[1m[33m1[39m[22m} [1m[32mmain.bundle.js, main.bundle.js.map[39m[22m (main) 72.5 kB {[1m[33m4[39m[22m}[1m[33m [initial][39m[22m[1m[32m [rendered][39m[22m
chunk    {[1m[33m2[39m[22m} [1m[32mstyles.bundle.js, styles.bundle.js.map[39m[22m (styles) 266 kB {[1m[33m5[39m[22m}[1m[33m [initial][39m[22m
chunk    {[1m[33m3[39m[22m} [1m[32mscripts.bundle.js, scripts.bundle.js.map[39m[22m (scripts) 139 kB {[1m[33m5[39m[22m}[1m[33m [initial][39m[22m
chunk    {[1m[33m4[39m[22m} [1m[32mvendor.bundle.js, vendor.bundle.js.map[39m[22m (vendor) 3.08 MB[1m[33m [initial][39m[22m
chunk    {[1m[33m5[39m[22m} [1m[32minline.bundle.js, inline.bundle.js.map[39m[22m (inline) 0 bytes[1m[33m [entry][39m[22m
webpack: Compiled successfully.
webpack: Compiling...
Hash: [1mbe35af534125cd85b116[39m[22m
Time: [1m763[39m[22mms
chunk    {[1m[33m0[39m[22m} [1m[32mpolyfills.bundle.js, polyfills.bundle.js.map[39m[22m (polyfills) 438 kB {[1m[33m5[39m[22m}[1m[33m [initial][39m[22m
chunk    {[1m[33m1[39m[22m} [1m[32mmain.bundle.js, main.bundle.js.map[39m[22m (main) 72.5 kB {[1m[33m4[39m[22m}[1m[33m [initial][39m[22m[1m[32m [rendered][39m[22m
chunk    {[1m[33m2[39m[22m} [1m[32mstyles.bundle.js, styles.bundle.js.map[39m[22m (styles) 266 kB {[1m[33m5[39m[22m}[1m[33m [initial][39m[22m
chunk    {[1m[33m3[39m[22m} [1m[32mscripts.bundle.js, scripts.bundle.js.map[39m[22m (scripts) 139 kB {[1m[33m5[39m[22m}[1m[33m [initial][39m[22m
chunk    {[1m[33m4[39m[22m} [1m[32mvendor.bundle.js, vendor.bundle.js.map[39m[22m (vendor) 3.08 MB[1m[33m [initial][39m[22m
chunk    {[1m[33m5[39m[22m} [1m[32minline.bundle.js, inline.bundle.js.map[39m[22m (inline) 0 bytes[1m[33m [entry][39m[22m
webpack: Compiled successfully.
webpack: Compiling...
Hash: [1m5dc4dac9a974380601a1[39m[22m
Time: [1m871[39m[22mms
chunk    {[1m[33m0[39m[22m} [1m[32mpolyfills.bundle.js, polyfills.bundle.js.map[39m[22m (polyfills) 438 kB {[1m[33m5[39m[22m}[1m[33m [initial][39m[22m
chunk    {[1m[33m1[39m[22m} [1m[32mmain.bundle.js, main.bundle.js.map[39m[22m (main) 72.5 kB {[1m[33m4[39m[22m}[1m[33m [initial][39m[22m[1m[32m [rendered][39m[22m
chunk    {[1m[33m2[39m[22m} [1m[32mstyles.bundle.js, styles.bundle.js.map[39m[22m (styles) 266 kB {[1m[33m5[39m[22m}[1m[33m [initial][39m[22m
chunk    {[1m[33m3[39m[22m} [1m[32mscripts.bundle.js, scripts.bundle.js.map[39m[22m (scripts) 139 kB {[1m[33m5[39m[22m}[1m[33m [initial][39m[22m
chunk    {[1m[33m4[39m[22m} [1m[32mvendor.bundle.js, vendor.bundle.js.map[39m[22m (vendor) 3.08 MB[1m[33m [initial][39m[22m
chunk    {[1m[33m5[39m[22m} [1m[32minline.bundle.js, inline.bundle.js.map[39m[22m (inline) 0 bytes[1m[33m [entry][39m[22m
webpack: Compiled successfully.
webpack: Compiling...
Hash: [1mc83d8ae7611b161afc88[39m[22m
Time: [1m4293[39m[22mms
chunk    {[1m[33m0[39m[22m} [1m[32mpolyfills.bundle.js, polyfills.bundle.js.map[39m[22m (polyfills) 438 kB {[1m[33m5[39m[22m}[1m[33m [initial][39m[22m
chunk    {[1m[33m1[39m[22m} [1m[32mmain.bundle.js, main.bundle.js.map[39m[22m (main) 73 kB {[1m[33m4[39m[22m}[1m[33m [initial][39m[22m[1m[32m [rendered][39m[22m
chunk    {[1m[33m2[39m[22m} [1m[32mstyles.bundle.js, styles.bundle.js.map[39m[22m (styles) 266 kB {[1m[33m5[39m[22m}[1m[33m [initial][39m[22m
chunk    {[1m[33m3[39m[22m} [1m[32mscripts.bundle.js, scripts.bundle.js.map[39m[22m (scripts) 139 kB {[1m[33m5[39m[22m}[1m[33m [initial][39m[22m
chunk    {[1m[33m4[39m[22m} [1m[32mvendor.bundle.js, vendor.bundle.js.map[39m[22m (vendor) 3.08 MB[1m[33m [initial][39m[22m[1m[32m [rendered][39m[22m
chunk    {[1m[33m5[39m[22m} [1m[32minline.bundle.js, inline.bundle.js.map[39m[22m (inline) 0 bytes[1m[33m [entry][39m[22m
webpack: Compiled successfully.
webpack: Compiling...
Hash: [1m5479f11d0df0c3e52f96[39m[22m
Time: [1m3624[39m[22mms
chunk    {[1m[33m0[39m[22m} [1m[32mpolyfills.bundle.js, polyfills.bundle.js.map[39m[22m (polyfills) 438 kB {[1m[33m5[39m[22m}[1m[33m [initial][39m[22m
chunk    {[1m[33m1[39m[22m} [1m[32mmain.bundle.js, main.bundle.js.map[39m[22m (main) 73.3 kB {[1m[33m4[39m[22m}[1m[33m [initial][39m[22m[1m[32m [rendered][39m[22m
chunk    {[1m[33m2[39m[22m} [1m[32mstyles.bundle.js, styles.bundle.js.map[39m[22m (styles) 266 kB {[1m[33m5[39m[22m}[1m[33m [initial][39m[22m
chunk    {[1m[33m3[39m[22m} [1m[32mscripts.bundle.js, scripts.bundle.js.map[39m[22m (scripts) 139 kB {[1m[33m5[39m[22m}[1m[33m [initial][39m[22m
chunk    {[1m[33m4[39m[22m} [1m[32mvendor.bundle.js, vendor.bundle.js.map[39m[22m (vendor) 3.08 MB[1m[33m [initial][39m[22m
chunk    {[1m[33m5[39m[22m} [1m[32minline.bundle.js, inline.bundle.js.map[39m[22m (inline) 0 bytes[1m[33m [entry][39m[22m
webpack: Compiled successfully.
webpack: Compiling...
Hash: [1ma41c5a87ad0fb82c963b[39m[22m
Time: [1m942[39m[22mms
chunk    {[1m[33m0[39m[22m} [1m[32mpolyfills.bundle.js, polyfills.bundle.js.map[39m[22m (polyfills) 438 kB {[1m[33m5[39m[22m}[1m[33m [initial][39m[22m
chunk    {[1m[33m1[39m[22m} [1m[32mmain.bundle.js, main.bundle.js.map[39m[22m (main) 73.4 kB {[1m[33m4[39m[22m}[1m[33m [initial][39m[22m[1m[32m [rendered][39m[22m
chunk    {[1m[33m2[39m[22m} [1m[32mstyles.bundle.js, styles.bundle.js.map[39m[22m (styles) 266 kB {[1m[33m5[39m[22m}[1m[33m [initial][39m[22m
chunk    {[1m[33m3[39m[22m} [1m[32mscripts.bundle.js, scripts.bundle.js.map[39m[22m (scripts) 139 kB {[1m[33m5[39m[22m}[1m[33m [initial][39m[22m
chunk    {[1m[33m4[39m[22m} [1m[32mvendor.bundle.js, vendor.bundle.js.map[39m[22m (vendor) 3.08 MB[1m[33m [initial][39m[22m
chunk    {[1m[33m5[39m[22m} [1m[32minline.bundle.js, inline.bundle.js.map[39m[22m (inline) 0 bytes[1m[33m [entry][39m[22m
webpack: Compiled successfully.
webpack: Compiling...
Hash: [1m50fb6844188e5f735e62[39m[22m
Time: [1m985[39m[22mms
chunk    {[1m[33m0[39m[22m} [1m[32mpolyfills.bundle.js, polyfills.bundle.js.map[39m[22m (polyfills) 438 kB {[1m[33m5[39m[22m}[1m[33m [initial][39m[22m
chunk    {[1m[33m1[39m[22m} [1m[32mmain.bundle.js, main.bundle.js.map[39m[22m (main) 73.7 kB {[1m[33m4[39m[22m}[1m[33m [initial][39m[22m[1m[32m [rendered][39m[22m
chunk    {[1m[33m2[39m[22m} [1m[32mstyles.bundle.js, styles.bundle.js.map[39m[22m (styles) 266 kB {[1m[33m5[39m[22m}[1m[33m [initial][39m[22m
chunk    {[1m[33m3[39m[22m} [1m[32mscripts.bundle.js, scripts.bundle.js.map[39m[22m (scripts) 139 kB {[1m[33m5[39m[22m}[1m[33m [initial][39m[22m
chunk    {[1m[33m4[39m[22m} [1m[32mvendor.bundle.js, vendor.bundle.js.map[39m[22m (vendor) 3.08 MB[1m[33m [initial][39m[22m
chunk    {[1m[33m5[39m[22m} [1m[32minline.bundle.js, inline.bundle.js.map[39m[22m (inline) 0 bytes[1m[33m [entry][39m[22m
webpack: Compiled successfully.
webpack: Compiling...
Hash: [1md1cf61fbd3b9cd823c28[39m[22m
Time: [1m818[39m[22mms
chunk    {[1m[33m0[39m[22m} [1m[32mpolyfills.bundle.js, polyfills.bundle.js.map[39m[22m (polyfills) 438 kB {[1m[33m5[39m[22m}[1m[33m [initial][39m[22m
chunk    {[1m[33m1[39m[22m} [1m[32mmain.bundle.js, main.bundle.js.map[39m[22m (main) 73.8 kB {[1m[33m4[39m[22m}[1m[33m [initial][39m[22m[1m[32m [rendered][39m[22m
chunk    {[1m[33m2[39m[22m} [1m[32mstyles.bundle.js, styles.bundle.js.map[39m[22m (styles) 266 kB {[1m[33m5[39m[22m}[1m[33m [initial][39m[22m
chunk    {[1m[33m3[39m[22m} [1m[32mscripts.bundle.js, scripts.bundle.js.map[39m[22m (scripts) 139 kB {[1m[33m5[39m[22m}[1m[33m [initial][39m[22m
chunk    {[1m[33m4[39m[22m} [1m[32mvendor.bundle.js, vendor.bundle.js.map[39m[22m (vendor) 3.08 MB[1m[33m [initial][39m[22m
chunk    {[1m[33m5[39m[22m} [1m[32minline.bundle.js, inline.bundle.js.map[39m[22m (inline) 0 bytes[1m[33m [entry][39m[22m
webpack: Compiled successfully.
webpack: Compiling...
Hash: [1mc85a61b9e90e5c7623d0[39m[22m
Time: [1m649[39m[22mms
chunk    {[1m[33m0[39m[22m} [1m[32mpolyfills.bundle.js, polyfills.bundle.js.map[39m[22m (polyfills) 438 kB {[1m[33m5[39m[22m}[1m[33m [initial][39m[22m
chunk    {[1m[33m1[39m[22m} [1m[32mmain.bundle.js, main.bundle.js.map[39m[22m (main) 73.8 kB {[1m[33m4[39m[22m}[1m[33m [initial][39m[22m[1m[32m [rendered][39m[22m
chunk    {[1m[33m2[39m[22m} [1m[32mstyles.bundle.js, styles.bundle.js.map[39m[22m (styles) 266 kB {[1m[33m5[39m[22m}[1m[33m [initial][39m[22m
chunk    {[1m[33m3[39m[22m} [1m[32mscripts.bundle.js, scripts.bundle.js.map[39m[22m (scripts) 139 kB {[1m[33m5[39m[22m}[1m[33m [initial][39m[22m
chunk    {[1m[33m4[39m[22m} [1m[32mvendor.bundle.js, vendor.bundle.js.map[39m[22m (vendor) 3.08 MB[1m[33m [initial][39m[22m
chunk    {[1m[33m5[39m[22m} [1m[32minline.bundle.js, inline.bundle.js.map[39m[22m (inline) 0 bytes[1m[33m [entry][39m[22m
webpack: Compiled successfully.
webpack: Compiling...
Hash: [1m0f9943b6513ee806b964[39m[22m
Time: [1m626[39m[22mms
chunk    {[1m[33m0[39m[22m} [1m[32mpolyfills.bundle.js, polyfills.bundle.js.map[39m[22m (polyfills) 438 kB {[1m[33m5[39m[22m}[1m[33m [initial][39m[22m
chunk    {[1m[33m1[39m[22m} [1m[32mmain.bundle.js, main.bundle.js.map[39m[22m (main) 73.8 kB {[1m[33m4[39m[22m}[1m[33m [initial][39m[22m[1m[32m [rendered][39m[22m
chunk    {[1m[33m2[39m[22m} [1m[32mstyles.bundle.js, styles.bundle.js.map[39m[22m (styles) 266 kB {[1m[33m5[39m[22m}[1m[33m [initial][39m[22m
chunk    {[1m[33m3[39m[22m} [1m[32mscripts.bundle.js, scripts.bundle.js.map[39m[22m (scripts) 139 kB {[1m[33m5[39m[22m}[1m[33m [initial][39m[22m
chunk    {[1m[33m4[39m[22m} [1m[32mvendor.bundle.js, vendor.bundle.js.map[39m[22m (vendor) 3.08 MB[1m[33m [initial][39m[22m
chunk    {[1m[33m5[39m[22m} [1m[32minline.bundle.js, inline.bundle.js.map[39m[22m (inline) 0 bytes[1m[33m [entry][39m[22m
webpack: Compiled successfully.
